[2025-09-26 12:43:07] INFO: Tentativa de login do usuário Bruna.
[2025-09-26 12:43:08] ERROR: Senha incorreta para o usuário Pedro.
[2025-09-26 12:43:09] INFO: Tentativa de login do usuário Pedro.
[2025-09-26 12:43:10] ERROR: Senha incorreta para o usuário Pedro.
[2025-09-26 12:43:11] ERROR: Senha incorreta para o usuário Rafael.
[2025-09-26 12:43:12] ERROR: Senha incorreta para o usuário Rafael.
[2025-09-26 12:43:13] INFO: Tentativa de login do usuário Bruna.
[2025-09-26 12:43:13] INFO: Tentativa de login do usuário Bruna.
[2025-09-26 12:43:14] ERROR: Senha incorreta para o usuário Bruna.
[2025-09-26 12:43:15] ERROR: Senha incorreta para o usuário Pedro.
[2025-09-26 12:43:16] ERROR: Senha incorreta para o usuário Rafael.
[2025-09-26 12:43:17] INFO: Tentativa de login do usuário Rafael.
[2025-09-26 12:43:18] ERROR: Senha incorreta para o usuário Bruna.
[2025-09-26 12:43:19] INFO: Tentativa de login do usuário Rafael.
[2025-09-26 12:43:20] ERROR: Senha incorreta para o usuário Rafael.
[2025-09-26 12:43:21] ERROR: Senha incorreta para o usuário Bruna.
[2025-09-26 12:43:22] ERROR: Senha incorreta para o usuário Bruna.
[2025-09-26 12:43:23] ERROR: Senha incorreta para o usuário Bruna.
[2025-09-26 12:43:23] INFO: Tentativa de login do usuário Bruna.
[2025-09-26 12:43:24] INFO: Tentativa de login do usuário Pedro.
[2025-09-26 12:43:25] INFO: Tentativa de login do usuário Bruna.
[2025-09-26 12:43:26] INFO: Tentativa de login do usuário Pedro.
[2025-09-26 12:43:27] INFO: Tentativa de login do usuário Pedro.
[2025-09-26 12:43:28] ERROR: Senha incorreta para o usuário Pedro.
[2025-09-26 12:43:29] ERROR: Senha incorreta para o usuário Bruna.
[2025-09-26 12:43:30] INFO: Tentativa de login do usuário Pedro.
[2025-09-26 12:43:31] ERROR: Senha incorreta para o usuário Rafael.
[2025-09-26 12:43:32] INFO: Tentativa de login do usuário Bruna.
[2025-09-26 12:43:33] ERROR: Senha incorreta para o usuário Bruna.
[2025-09-26 12:43:33] ERROR: Senha incorreta para o usuário Pedro.
[2025-09-26 12:43:34] INFO: Tentativa de login do usuário Bruna.
[2025-09-26 12:43:35] ERROR: Senha incorreta para o usuário Bruna.
[2025-09-26 12:43:36] ERROR: Senha incorreta para o usuário Bruna.
[2025-09-26 12:43:37] INFO: Tentativa de login do usuário Pedro.
[2025-09-26 12:43:38] INFO: Tentativa de login do usuário Rafael.
[2025-09-26 12:43:39] INFO: Tentativa de login do usuário Bruna.
[2025-09-26 12:43:40] ERROR: Senha incorreta para o usuário Rafael.
[2025-09-26 12:43:41] ERROR: Senha incorreta para o usuário Bruna.
[2025-09-26 12:43:42] INFO: Tentativa de login do usuário Pedro.
[2025-09-26 12:43:42] INFO: Tentativa de login do usuário Pedro.
